<?xml version="1.0" encoding="UTF-8"?>
<!-- Generated by org.testng.reporters.JUnitReportReporter -->
<testsuite hostname="Devraj-PC" failures="0" tests="1" name="com.flipKart.testCases.FlipKartLogin" time="1.968" errors="0" timestamp="22 May 2021 16:55:22 GMT" skipped="0">
  <testcase classname="com.flipKart.testCases.FlipKartLogin" name="login" time="1.968"/>
</testsuite> <!-- com.flipKart.testCases.FlipKartLogin -->
