<?xml version="1.0" encoding="UTF-8"?>
<!-- Generated by org.testng.reporters.JUnitReportReporter -->
<testsuite hostname="Devraj-PC" failures="0" tests="1" name="com.flipKart.testCases.FlipKartLogin" time="31.793" errors="0" timestamp="20 May 2021 16:51:29 GMT" skipped="0">
  <testcase classname="com.flipKart.testCases.FlipKartLogin" name="login" time="31.793"/>
</testsuite> <!-- com.flipKart.testCases.FlipKartLogin -->
