<?xml version="1.0" encoding="UTF-8"?>
<!-- Generated by org.testng.reporters.JUnitReportReporter -->
<testsuite hostname="Devraj-PC" failures="0" tests="1" name="com.flipKart.testCases.Sample" time="8.508" errors="0" timestamp="16 May 2021 10:03:56 GMT" skipped="0">
  <testcase classname="com.flipKart.testCases.Sample" name="login" time="8.508"/>
</testsuite> <!-- com.flipKart.testCases.Sample -->
